<?xml version="1.0" encoding="UTF-8"?>
<!-- Generated by org.testng.reporters.JUnitReportReporter -->
<testsuite hostname="LTIN509377" failures="0" tests="30" name="testScenario.Global_IT" time="271.705" errors="0" timestamp="2024-04-03T09:44:17 IST" skipped="0">
  <testcase classname="testScenario.Global_IT" name="captureUserInfo" time="52.401"/>
  <testcase classname="testScenario.Global_IT" name="captureUserInfo" time="51.095"/>
  <testcase classname="testScenario.Global_IT" name="clickOnIT" time="10.804"/>
  <testcase classname="testScenario.Global_IT" name="clickOnIT" time="10.763"/>
  <testcase classname="testScenario.Global_IT" name="exploreApps" time="31.693"/>
  <testcase classname="testScenario.Global_IT" name="exploreApps" time="31.931"/>
  <testcase classname="testScenario.Global_IT" name="validateApps" time="0.240"/>
  <testcase classname="testScenario.Global_IT" name="validateApps" time="0.229"/>
  <testcase classname="testScenario.Global_IT" name="validateApps" time="0.220"/>
  <testcase classname="testScenario.Global_IT" name="validateApps" time="3.923"/>
  <testcase classname="testScenario.Global_IT" name="validateApps" time="0.229"/>
  <testcase classname="testScenario.Global_IT" name="validateApps" time="0.524"/>
  <testcase classname="testScenario.Global_IT" name="validateApps" time="0.345"/>
  <testcase classname="testScenario.Global_IT" name="validateApps" time="0.238"/>
  <testcase classname="testScenario.Global_IT" name="validateApps" time="0.211"/>
  <testcase classname="testScenario.Global_IT" name="validateApps" time="0.477"/>
  <testcase classname="testScenario.Global_IT" name="verifyNewsAvailability" time="1.434"/>
  <testcase classname="testScenario.Global_IT" name="verifyNewsAvailability" time="1.337"/>
  <testcase classname="testScenario.Global_IT" name="verifyAwardsAvailability" time="3.502"/>
  <testcase classname="testScenario.Global_IT" name="verifyAwardsAvailability" time="0.520"/>
  <testcase classname="testScenario.Global_IT" name="displayNewsCount" time="0.337"/>
  <testcase classname="testScenario.Global_IT" name="displayNewsCount" time="0.326"/>
  <testcase classname="testScenario.Global_IT" name="validateNewsHeaderAndTooltip" time="0.581"/>
  <testcase classname="testScenario.Global_IT" name="validateNewsHeaderAndTooltip" time="0.699"/>
  <testcase classname="testScenario.Global_IT" name="displayAwards" time="11.211"/>
  <testcase classname="testScenario.Global_IT" name="displayAwards" time="11.262"/>
  <testcase classname="testScenario.Global_IT" name="displayAwards" time="11.392"/>
  <testcase classname="testScenario.Global_IT" name="displayAwards" time="11.490"/>
  <testcase classname="testScenario.Global_IT" name="displayAwards" time="10.770"/>
  <testcase classname="testScenario.Global_IT" name="displayAwards" time="11.521"/>
</testsuite> <!-- testScenario.Global_IT -->
